<?xml version="1.0" encoding="UTF-8"?>
<!-- Generated by org.testng.reporters.JUnitReportReporter -->
<testsuite hostname="lenovo-Lenovo-V15-ADA" failures="0" tests="1" name="org.anson.RestAssuredDemo.PostDemo" time="3.556" errors="0" timestamp="2022-10-09T11:33:14 IST" skipped="0">
  <testcase classname="org.anson.RestAssuredDemo.PostDemo" name="testPost_1" time="3.556"/>
  <system-out/>
</testsuite> <!-- org.anson.RestAssuredDemo.PostDemo -->
