<?xml version="1.0" encoding="UTF-8"?>
<!-- Generated by org.testng.reporters.JUnitReportReporter -->
<testsuite hostname="lenovo-Lenovo-V15-ADA" failures="0" tests="2" name="org.anson.RestAssuredDemo.DataProvider1" time="1.851" errors="0" timestamp="2022-10-09T19:41:16 IST" skipped="0">
  <testcase classname="org.anson.RestAssuredDemo.DataProvider1" name="postTest" time="1.806"/>
  <system-out/>
  <testcase classname="org.anson.RestAssuredDemo.DataProvider1" name="postTest" time="0.045"/>
  <system-out/>
</testsuite> <!-- org.anson.RestAssuredDemo.DataProvider1 -->
