<?xml version="1.0" encoding="UTF-8"?>
<!-- Generated by org.testng.reporters.JUnitReportReporter -->
<testsuite hostname="lenovo-Lenovo-V15-ADA" failures="0" tests="5" name="org.anson.RestAssuredDemo.DataProvider2" time="1.864" errors="0" timestamp="2022-10-10T18:14:41 IST" skipped="0">
  <testcase classname="org.anson.RestAssuredDemo.DataProvider2" name="postTestExcel" time="0.113"/>
  <system-out/>
  <testcase classname="org.anson.RestAssuredDemo.DataProvider2" name="postTestExcel" time="0.036"/>
  <system-out/>
  <testcase classname="org.anson.RestAssuredDemo.DataProvider2" name="postTestExcel" time="0.039"/>
  <system-out/>
  <testcase classname="org.anson.RestAssuredDemo.DataProvider2" name="postTestExcel" time="1.647"/>
  <system-out/>
  <testcase classname="org.anson.RestAssuredDemo.DataProvider2" name="postTestExcel" time="0.029"/>
  <system-out/>
</testsuite> <!-- org.anson.RestAssuredDemo.DataProvider2 -->
