<?xml version="1.0" encoding="UTF-8"?>
<!-- Generated by org.testng.reporters.JUnitReportReporter -->
<testsuite hostname="lenovo-Lenovo-V15-ADA" failures="0" tests="1" name="org.anson.RestAssuredDemo.GetReqDemo" time="2.965" errors="0" timestamp="2022-10-08T21:47:47 IST" skipped="0">
  <testcase classname="org.anson.RestAssuredDemo.GetReqDemo" name="TestStatusCode" time="2.965"/>
  <system-out/>
</testsuite> <!-- org.anson.RestAssuredDemo.GetReqDemo -->
