<?xml version="1.0" encoding="UTF-8"?>
<!-- Generated by org.testng.reporters.JUnitReportReporter -->
<testsuite hostname="lenovo-Lenovo-V15-ADA" failures="0" tests="2" name="org.anson.RestAssuredDemo.GetReqDemo" time="3.459" errors="0" timestamp="2022-10-09T10:54:53 IST" skipped="0">
  <testcase classname="org.anson.RestAssuredDemo.GetReqDemo" name="test2" time="0.383"/>
  <system-out/>
  <testcase classname="org.anson.RestAssuredDemo.GetReqDemo" name="TestStatusCode" time="3.076"/>
  <system-out/>
</testsuite> <!-- org.anson.RestAssuredDemo.GetReqDemo -->
