<?xml version="1.0" encoding="UTF-8"?>
<!-- Generated by org.testng.reporters.JUnitReportReporter -->
<testsuite hostname="lenovo-Lenovo-V15-ADA" failures="0" tests="1" name="org.anson.RestAssuredDemo.RestWithMock" time="1.620" errors="0" timestamp="2022-10-09T19:08:39 IST" skipped="0">
  <testcase classname="org.anson.RestAssuredDemo.RestWithMock" name="deleteTest" time="1.620"/>
  <system-out/>
</testsuite> <!-- org.anson.RestAssuredDemo.RestWithMock -->
